2023-03-23 17:37:53.558 [main] INFO  o.s.d.r.config.RepositoryConfigurationDelegate - Multiple Spring Data modules found, entering strict repository configuration mode!
2023-03-23 17:37:53.563 [main] INFO  o.s.d.r.config.RepositoryConfigurationDelegate - Bootstrapping Spring Data Redis repositories in DEFAULT mode.
2023-03-23 17:37:53.602 [main] INFO  o.s.d.r.config.RepositoryConfigurationDelegate - Finished Spring Data repository scanning in 12ms. Found 0 Redis repository interfaces.
2023-03-23 17:37:53.817 [main] WARN  org.mybatis.spring.mapper.ClassPathMapperScanner - No MyBatis mapper was found in '[com.deewin.zcxs.lb]' package. Please check your configuration.
2023-03-23 17:37:54.197 [main] INFO  o.s.c.s.PostProcessorRegistrationDelegate$BeanPostProcessorChecker - Bean 'com.alibaba.druid.spring.boot.autoconfigure.stat.DruidSpringAopConfiguration' of type [com.alibaba.druid.spring.boot.autoconfigure.stat.DruidSpringAopConfiguration] is not eligible for getting processed by all BeanPostProcessors (for example: not eligible for auto-proxying)
2023-03-23 17:37:54.228 [main] INFO  o.s.c.s.PostProcessorRegistrationDelegate$BeanPostProcessorChecker - Bean 'spring.datasource.druid-com.alibaba.druid.spring.boot.autoconfigure.properties.DruidStatProperties' of type [com.alibaba.druid.spring.boot.autoconfigure.properties.DruidStatProperties] is not eligible for getting processed by all BeanPostProcessors (for example: not eligible for auto-proxying)
2023-03-23 17:37:54.242 [main] INFO  o.s.c.s.PostProcessorRegistrationDelegate$BeanPostProcessorChecker - Bean 'advisor' of type [org.springframework.aop.support.RegexpMethodPointcutAdvisor] is not eligible for getting processed by all BeanPostProcessors (for example: not eligible for auto-proxying)
2023-03-23 17:37:54.659 [main] INFO  o.s.boot.web.embedded.tomcat.TomcatWebServer - Tomcat initialized with port(s): 8982 (http)
2023-03-23 17:37:54.677 [main] INFO  org.apache.coyote.http11.Http11NioProtocol - Initializing ProtocolHandler ["http-nio-8982"]
2023-03-23 17:37:54.678 [main] INFO  org.apache.catalina.core.StandardService - Starting service [Tomcat]
2023-03-23 17:37:54.679 [main] INFO  org.apache.catalina.core.StandardEngine - Starting Servlet engine: [Apache Tomcat/9.0.35]
2023-03-23 17:37:54.876 [main] INFO  o.a.c.core.ContainerBase.[Tomcat].[localhost].[/] - Initializing Spring embedded WebApplicationContext
2023-03-23 17:37:54.876 [main] INFO  org.springframework.web.context.ContextLoader - Root WebApplicationContext: initialization completed in 2443 ms
2023-03-23 17:37:55.293 [main] INFO  o.s.scheduling.concurrent.ThreadPoolTaskExecutor - Initializing ExecutorService 'applicationTaskExecutor'
2023-03-23 17:37:55.645 [main] INFO  c.a.d.s.b.a.DruidDataSourceAutoConfigure - Init DruidDataSource
2023-03-23 17:37:56.735 [main] INFO  com.alibaba.druid.pool.DruidDataSource - {dataSource-1} inited
2023-03-23 17:37:58.450 [main] WARN  o.s.b.a.freemarker.FreeMarkerAutoConfiguration - Cannot find template location(s): [classpath:/views/] (please add some templates, check your FreeMarker configuration, or set spring.freemarker.checkTemplateLocation=false)
2023-03-23 17:37:58.613 [main] INFO  o.s.b.a.s.s.UserDetailsServiceAutoConfiguration - 

Using generated security password: a6b2baa3-6c8a-4143-8ad8-5e55356b5538

2023-03-23 17:37:58.811 [main] INFO  o.s.security.web.DefaultSecurityFilterChain - Creating filter chain: any request, [org.springframework.security.web.context.request.async.WebAsyncManagerIntegrationFilter@42f9873e, org.springframework.security.web.context.SecurityContextPersistenceFilter@d76099a, org.springframework.security.web.header.HeaderWriterFilter@1d3a03fe, org.springframework.security.web.csrf.CsrfFilter@20faaf77, org.springframework.security.web.authentication.logout.LogoutFilter@ff4b223, org.springframework.security.web.authentication.UsernamePasswordAuthenticationFilter@7db47323, org.springframework.security.web.authentication.ui.DefaultLoginPageGeneratingFilter@20890a1a, org.springframework.security.web.authentication.ui.DefaultLogoutPageGeneratingFilter@18483b8b, org.springframework.security.web.authentication.www.BasicAuthenticationFilter@182e4365, org.springframework.security.web.savedrequest.RequestCacheAwareFilter@7e1d8d41, org.springframework.security.web.servletapi.SecurityContextHolderAwareRequestFilter@29b8df5, org.springframework.security.web.authentication.AnonymousAuthenticationFilter@24fc2c80, org.springframework.security.web.session.SessionManagementFilter@5f7cd50e, org.springframework.security.web.access.ExceptionTranslationFilter@69a73867, org.springframework.security.web.access.intercept.FilterSecurityInterceptor@213012a0]
2023-03-23 17:37:58.879 [main] INFO  org.apache.coyote.http11.Http11NioProtocol - Starting ProtocolHandler ["http-nio-8982"]
2023-03-23 17:37:58.929 [main] INFO  o.s.boot.web.embedded.tomcat.TomcatWebServer - Tomcat started on port(s): 8982 (http) with context path ''
2023-03-23 17:38:46.514 [http-nio-8982-exec-1] INFO  o.a.c.core.ContainerBase.[Tomcat].[localhost].[/] - Initializing Spring DispatcherServlet 'dispatcherServlet'
2023-03-23 17:38:46.515 [http-nio-8982-exec-1] INFO  org.springframework.web.servlet.DispatcherServlet - Initializing Servlet 'dispatcherServlet'
2023-03-23 17:38:46.522 [http-nio-8982-exec-1] INFO  org.springframework.web.servlet.DispatcherServlet - Completed initialization in 7 ms
2023-03-23 17:40:18.845 [SpringContextShutdownHook] INFO  com.alibaba.druid.pool.DruidDataSource - {dataSource-1} closing ...
2023-03-23 17:40:18.855 [SpringContextShutdownHook] INFO  com.alibaba.druid.pool.DruidDataSource - {dataSource-1} closed
2023-03-23 17:40:18.856 [SpringContextShutdownHook] INFO  o.s.scheduling.concurrent.ThreadPoolTaskExecutor - Shutting down ExecutorService 'applicationTaskExecutor'
2023-03-23 17:40:31.205 [main] INFO  o.s.d.r.config.RepositoryConfigurationDelegate - Multiple Spring Data modules found, entering strict repository configuration mode!
2023-03-23 17:40:31.210 [main] INFO  o.s.d.r.config.RepositoryConfigurationDelegate - Bootstrapping Spring Data Redis repositories in DEFAULT mode.
2023-03-23 17:40:31.247 [main] INFO  o.s.d.r.config.RepositoryConfigurationDelegate - Finished Spring Data repository scanning in 10ms. Found 0 Redis repository interfaces.
2023-03-23 17:40:31.456 [main] WARN  org.mybatis.spring.mapper.ClassPathMapperScanner - No MyBatis mapper was found in '[com.deewin.zcxs.lb]' package. Please check your configuration.
2023-03-23 17:40:31.808 [main] INFO  o.s.c.s.PostProcessorRegistrationDelegate$BeanPostProcessorChecker - Bean 'com.alibaba.druid.spring.boot.autoconfigure.stat.DruidSpringAopConfiguration' of type [com.alibaba.druid.spring.boot.autoconfigure.stat.DruidSpringAopConfiguration] is not eligible for getting processed by all BeanPostProcessors (for example: not eligible for auto-proxying)
2023-03-23 17:40:31.835 [main] INFO  o.s.c.s.PostProcessorRegistrationDelegate$BeanPostProcessorChecker - Bean 'spring.datasource.druid-com.alibaba.druid.spring.boot.autoconfigure.properties.DruidStatProperties' of type [com.alibaba.druid.spring.boot.autoconfigure.properties.DruidStatProperties] is not eligible for getting processed by all BeanPostProcessors (for example: not eligible for auto-proxying)
2023-03-23 17:40:31.845 [main] INFO  o.s.c.s.PostProcessorRegistrationDelegate$BeanPostProcessorChecker - Bean 'advisor' of type [org.springframework.aop.support.RegexpMethodPointcutAdvisor] is not eligible for getting processed by all BeanPostProcessors (for example: not eligible for auto-proxying)
2023-03-23 17:40:32.244 [main] INFO  o.s.boot.web.embedded.tomcat.TomcatWebServer - Tomcat initialized with port(s): 8086 (http)
2023-03-23 17:40:32.261 [main] INFO  org.apache.coyote.http11.Http11NioProtocol - Initializing ProtocolHandler ["http-nio-8086"]
2023-03-23 17:40:32.262 [main] INFO  org.apache.catalina.core.StandardService - Starting service [Tomcat]
2023-03-23 17:40:32.262 [main] INFO  org.apache.catalina.core.StandardEngine - Starting Servlet engine: [Apache Tomcat/9.0.35]
2023-03-23 17:40:32.408 [main] INFO  o.a.c.core.ContainerBase.[Tomcat].[localhost].[/] - Initializing Spring embedded WebApplicationContext
2023-03-23 17:40:32.408 [main] INFO  org.springframework.web.context.ContextLoader - Root WebApplicationContext: initialization completed in 2303 ms
2023-03-23 17:40:32.766 [main] INFO  o.s.scheduling.concurrent.ThreadPoolTaskExecutor - Initializing ExecutorService 'applicationTaskExecutor'
2023-03-23 17:40:33.148 [main] INFO  c.a.d.s.b.a.DruidDataSourceAutoConfigure - Init DruidDataSource
2023-03-23 17:40:34.121 [main] INFO  com.alibaba.druid.pool.DruidDataSource - {dataSource-1} inited
2023-03-23 17:40:35.473 [main] WARN  o.s.b.a.freemarker.FreeMarkerAutoConfiguration - Cannot find template location(s): [classpath:/views/] (please add some templates, check your FreeMarker configuration, or set spring.freemarker.checkTemplateLocation=false)
2023-03-23 17:40:35.640 [main] INFO  o.s.b.a.s.s.UserDetailsServiceAutoConfiguration - 

Using generated security password: 5431f6ac-eb8a-43f8-9773-64450f61eb49

2023-03-23 17:40:35.848 [main] INFO  o.s.security.web.DefaultSecurityFilterChain - Creating filter chain: any request, [org.springframework.security.web.context.request.async.WebAsyncManagerIntegrationFilter@7bce9ce4, org.springframework.security.web.context.SecurityContextPersistenceFilter@280d5a82, org.springframework.security.web.header.HeaderWriterFilter@59f3426f, org.springframework.security.web.csrf.CsrfFilter@6dc2279c, org.springframework.security.web.authentication.logout.LogoutFilter@503a7990, org.springframework.security.web.authentication.UsernamePasswordAuthenticationFilter@238ad211, org.springframework.security.web.authentication.ui.DefaultLoginPageGeneratingFilter@1de08775, org.springframework.security.web.authentication.ui.DefaultLogoutPageGeneratingFilter@1d2046bb, org.springframework.security.web.authentication.www.BasicAuthenticationFilter@5b3755f4, org.springframework.security.web.savedrequest.RequestCacheAwareFilter@333a44f2, org.springframework.security.web.servletapi.SecurityContextHolderAwareRequestFilter@6996bbc4, org.springframework.security.web.authentication.AnonymousAuthenticationFilter@3b33fff9, org.springframework.security.web.session.SessionManagementFilter@6cc8adff, org.springframework.security.web.access.ExceptionTranslationFilter@7d90644f, org.springframework.security.web.access.intercept.FilterSecurityInterceptor@225e09f0]
2023-03-23 17:40:35.926 [main] INFO  org.apache.coyote.http11.Http11NioProtocol - Starting ProtocolHandler ["http-nio-8086"]
2023-03-23 17:40:35.969 [main] INFO  o.s.boot.web.embedded.tomcat.TomcatWebServer - Tomcat started on port(s): 8086 (http) with context path ''
2023-03-23 17:40:44.743 [http-nio-8086-exec-1] INFO  o.a.c.core.ContainerBase.[Tomcat].[localhost].[/] - Initializing Spring DispatcherServlet 'dispatcherServlet'
2023-03-23 17:40:44.744 [http-nio-8086-exec-1] INFO  org.springframework.web.servlet.DispatcherServlet - Initializing Servlet 'dispatcherServlet'
2023-03-23 17:40:44.754 [http-nio-8086-exec-1] INFO  org.springframework.web.servlet.DispatcherServlet - Completed initialization in 10 ms
2023-03-23 17:42:59.499 [SpringContextShutdownHook] INFO  com.alibaba.druid.pool.DruidDataSource - {dataSource-1} closing ...
2023-03-23 17:42:59.508 [SpringContextShutdownHook] INFO  com.alibaba.druid.pool.DruidDataSource - {dataSource-1} closed
2023-03-23 17:42:59.509 [SpringContextShutdownHook] INFO  o.s.scheduling.concurrent.ThreadPoolTaskExecutor - Shutting down ExecutorService 'applicationTaskExecutor'
